{
  "stats": {
    "completed": 486,
    "timeouts": 14,
    "errors": 0,
    "totalTurns": 8386,
    "wins": {
      "ai_1": 166,
      "ai_0": 320
    }
  },
  "totals": {
    "totalAttacks": 27987,
    "armorPierceAttacks": 1782,
    "blockApplied": 2262,
    "recoveryUsed": 2525,
    "bigRecoveryUsed": 1224,
    "replenishUsed": 949,
    "strategyCardsPlayed": 13619,
    "characterSkillsUsed": 855
  },
  "usedCards": [
    [
      "攻击",
      40159
    ],
    [
      "破甲攻击",
      6845
    ],
    [
      "初始里美",
      6505
    ],
    [
      "初始绯玛丽",
      5580
    ],
    [
      "初始纱夜",
      5436
    ],
    [
      "初始摩卡",
      5009
    ],
    [
      "回复",
      4934
    ],
    [
      "初始亚子",
      4843
    ],
    [
      "初始巴",
      4807
    ],
    [
      "初始彩",
      4769
    ],
    [
      "初始有咲",
      4703
    ],
    [
      "初始千圣",
      4681
    ],
    [
      "初始烧子",
      4670
    ],
    [
      "初始莉莎",
      4487
    ],
    [
      "初始伊芙",
      4486
    ],
    [
      "初始沙绫",
      4424
    ],
    [
      "初始鸫",
      4363
    ],
    [
      "初始多惠",
      4339
    ],
    [
      "初始友希那",
      4313
    ],
    [
      "初始心",
      4008
    ],
    [
      "初始兰",
      3896
    ],
    [
      "格挡",
      3347
    ],
    [
      "初始美咲",
      3343
    ],
    [
      "初始香澄",
      2967
    ],
    [
      "回复大",
      2409
    ],
    [
      "防御",
      2195
    ],
    [
      "Fever!!!!!",
      2095
    ],
    [
      "补充",
      2007
    ],
    [
      "巴巴恩波神之力",
      1132
    ],
    [
      "五字不行",
      738
    ],
    [
      "乐",
      667
    ],
    [
      "金玉",
      662
    ],
    [
      "无限制live格斗",
      626
    ],
    [
      "噜不动了",
      608
    ],
    [
      "绿接粉",
      519
    ],
    [
      "我有异议",
      510
    ],
    [
      "世界守护者",
      499
    ],
    [
      "灵光一闪",
      495
    ],
    [
      "小星星无限loop",
      490
    ],
    [
      "老虎机",
      488
    ],
    [
      "诡异的蘑菇",
      483
    ],
    [
      "视奸",
      481
    ],
    [
      "回收站",
      472
    ],
    [
      "恩！情！",
      460
    ],
    [
      "星光魔方",
      457
    ],
    [
      "复活赛",
      453
    ],
    [
      "禁止947",
      404
    ],
    [
      "做了！",
      383
    ],
    [
      "灵魂互换",
      377
    ],
    [
      "何意味",
      307
    ],
    [
      "阿提斯特",
      258
    ],
    [
      "禁止事项",
      257
    ],
    [
      "巧克力螺",
      256
    ],
    [
      "我是纯良",
      237
    ],
    [
      "啥是XXX",
      234
    ],
    [
      "不仲蕾",
      227
    ],
    [
      "轨迹展",
      221
    ],
    [
      "是不想说话吗",
      208
    ],
    [
      "拿来吧你",
      204
    ],
    [
      "利根川",
      199
    ],
    [
      "小·珍妮弗",
      188
    ],
    [
      "俄罗斯轮盘",
      188
    ],
    [
      "战斗用Random star",
      186
    ],
    [
      "折叠椅",
      185
    ],
    [
      "黑色笔记本",
      183
    ],
    [
      "筹码",
      182
    ],
    [
      "原装米歇尔",
      181
    ],
    [
      "丸君",
      181
    ],
    [
      "熊霸米歇尔",
      179
    ],
    [
      "街边的星星贴纸",
      174
    ],
    [
      "野蛮米歇尔",
      174
    ],
    [
      "幸运四叶草",
      172
    ],
    [
      "黄瓜",
      170
    ],
    [
      "难绷假面",
      169
    ],
    [
      "武士刀",
      168
    ],
    [
      "苦瓜",
      167
    ],
    [
      "米歇尔红豆饼",
      166
    ],
    [
      "石头",
      166
    ],
    [
      "村好剑",
      166
    ],
    [
      "孔雀",
      164
    ],
    [
      "朝日啤酒",
      164
    ],
    [
      "地狱火炸弹",
      163
    ],
    [
      "维修扳手",
      163
    ],
    [
      "钢巴歇尔",
      162
    ],
    [
      "铁打的距离感",
      158
    ],
    [
      "家虎根绝",
      158
    ],
    [
      "破坏者之钳",
      146
    ],
    [
      "抹茶巴菲",
      142
    ],
    [
      "财团B的阴谋",
      79
    ],
    [
      "拆弹专家",
      20
    ],
    [
      "屹立不倒",
      16
    ]
  ],
  "unusedCards": {
    "action": [],
    "strategy": [],
    "character": []
  },
  "winnerCharacters": {
    "ROS1003": 89,
    "PPP1002": 105,
    "PPP1005": 78,
    "ROS1004": 57,
    "AG1003": 101,
    "PAS1005": 117,
    "ROS1005": 98,
    "HHW1001": 47,
    "PPP1004": 95,
    "ROS1002": 56,
    "AG1001": 49,
    "AG1005": 62,
    "AG1002": 95,
    "PAS1001": 56,
    "PPP1001": 10,
    "AG1004": 52,
    "PPP1003": 49,
    "PAS1002": 42,
    "HHW1002": 24,
    "ROS1001": 45
  }
}